<?xml version="1.0" encoding="UTF-8" ?>
<testsuite tests="0" failures="0" name="ru.dankras.myCollections.MyLinkedListTest" time="0" errors="0" skipped="0">
  <properties>
    <property name="idea.version" value="2022.2.3"/>
    <property name="java.runtime.name" value="OpenJDK Runtime Environment"/>
    <property name="java.vm.version" value="17.0.1+12-LTS"/>
    <property name="sun.boot.library.path" value="/usr/lib/jvm/bellsoft-java17-amd64/lib"/>
    <property name="maven.multiModuleProjectDirectory" value="/home/dmitry/OTUS/JavaExercise/lesson1-Collections"/>
    <property name="java.vm.vendor" value="BellSoft"/>
    <property name="java.vendor.url" value="https://bell-sw.com/"/>
    <property name="guice.disable.misplaced.annotation.check" value="true"/>
    <property name="path.separator" value=":"/>
    <property name="java.vm.name" value="OpenJDK 64-Bit Server VM"/>
    <property name="user.country" value="RU"/>
    <property name="sun.java.launcher" value="SUN_STANDARD"/>
    <property name="java.vm.specification.name" value="Java Virtual Machine Specification"/>
    <property name="user.dir" value="/home/dmitry/OTUS/JavaExercise/lesson1-Collections"/>
    <property name="java.vm.compressedOopsMode" value="32-bit"/>
    <property name="java.runtime.version" value="17.0.1+12-LTS"/>
    <property name="os.arch" value="amd64"/>
    <property name="java.io.tmpdir" value="/tmp"/>
    <property name="line.separator" value="
"/>
    <property name="java.vm.specification.vendor" value="Oracle Corporation"/>
    <property name="os.name" value="Linux"/>
    <property name="maven.ext.class.path" value="/snap/intellij-idea-community/390/plugins/maven/lib/maven-event-listener.jar"/>
    <property name="classworlds.conf" value="/snap/intellij-idea-community/390/plugins/maven/lib/maven3/bin/m2.conf"/>
    <property name="sun.jnu.encoding" value="UTF-8"/>
    <property name="java.library.path" value="/usr/java/packages/lib:/usr/lib64:/lib64:/lib:/usr/lib"/>
    <property name="maven.conf" value="/snap/intellij-idea-community/390/plugins/maven/lib/maven3/conf"/>
    <property name="jdk.debug" value="release"/>
    <property name="java.class.version" value="61.0"/>
    <property name="java.specification.name" value="Java Platform API Specification"/>
    <property name="sun.management.compiler" value="HotSpot 64-Bit Tiered Compilers"/>
    <property name="os.version" value="5.15.0-52-generic"/>
    <property name="user.home" value="/home/dmitry"/>
    <property name="user.timezone" value="Europe/Moscow"/>
    <property name="file.encoding" value="UTF-8"/>
    <property name="java.specification.version" value="17"/>
    <property name="user.name" value="dmitry"/>
    <property name="java.class.path" value="/snap/intellij-idea-community/390/plugins/maven/lib/maven3/boot/plexus-classworlds-2.6.0.jar:/snap/intellij-idea-community/390/plugins/maven/lib/maven3/boot/plexus-classworlds.license"/>
    <property name="java.vm.specification.version" value="17"/>
    <property name="sun.arch.data.model" value="64"/>
    <property name="sun.java.command" value="org.codehaus.classworlds.Launcher -Didea.version=2022.2.3 install"/>
    <property name="java.home" value="/usr/lib/jvm/bellsoft-java17-amd64"/>
    <property name="user.language" value="ru"/>
    <property name="java.specification.vendor" value="Oracle Corporation"/>
    <property name="java.vm.info" value="mixed mode, sharing"/>
    <property name="java.version" value="17.0.1"/>
    <property name="native.encoding" value="UTF-8"/>
    <property name="securerandom.source" value="file:/dev/./urandom"/>
    <property name="java.vendor" value="BellSoft"/>
    <property name="maven.home" value="/snap/intellij-idea-community/390/plugins/maven/lib/maven3"/>
    <property name="file.separator" value="/"/>
    <property name="java.version.date" value="2021-10-19"/>
    <property name="java.vendor.url.bug" value="https://bell-sw.com/support"/>
    <property name="sun.io.unicode.encoding" value="UnicodeLittle"/>
    <property name="sun.cpu.endian" value="little"/>
  </properties>
</testsuite>